{"C:\\Users\\Admin\\projects\\REST-API-starter\\app.js": {"path":"C:\\Users\\Admin\\projects\\REST-API-starter\\app.js","statementMap":{"0":{"start":{"line":1,"column":16},"end":{"line":1,"column":34}},"1":{"start":{"line":2,"column":18},"end":{"line":2,"column":33}},"2":{"start":{"line":3,"column":11},"end":{"line":3,"column":26}},"3":{"start":{"line":4,"column":14},"end":{"line":4,"column":30}},"4":{"start":{"line":5,"column":12},"end":{"line":5,"column":21}},"5":{"start":{"line":6,"column":12},"end":{"line":6,"column":23}},"6":{"start":{"line":7,"column":19},"end":{"line":7,"column":41}},"7":{"start":{"line":10,"column":0},"end":{"line":10,"column":27}},"8":{"start":{"line":11,"column":0},"end":{"line":13,"column":4}},"9":{"start":{"line":16,"column":0},"end":{"line":23,"column":2}},"10":{"start":{"line":18,"column":4},"end":{"line":22,"column":6}},"11":{"start":{"line":26,"column":0},"end":{"line":49,"column":3}},"12":{"start":{"line":29,"column":4},"end":{"line":29,"column":40}},"13":{"start":{"line":32,"column":18},"end":{"line":32,"column":85}},"14":{"start":{"line":35,"column":4},"end":{"line":47,"column":7}},"15":{"start":{"line":38,"column":8},"end":{"line":38,"column":31}},"16":{"start":{"line":38,"column":17},"end":{"line":38,"column":31}},"17":{"start":{"line":41,"column":8},"end":{"line":41,"column":38}},"18":{"start":{"line":44,"column":8},"end":{"line":44,"column":40}},"19":{"start":{"line":45,"column":8},"end":{"line":45,"column":24}},"20":{"start":{"line":52,"column":0},"end":{"line":72,"column":3}},"21":{"start":{"line":55,"column":4},"end":{"line":55,"column":64}},"22":{"start":{"line":58,"column":4},"end":{"line":70,"column":7}},"23":{"start":{"line":61,"column":8},"end":{"line":61,"column":31}},"24":{"start":{"line":61,"column":17},"end":{"line":61,"column":31}},"25":{"start":{"line":64,"column":8},"end":{"line":64,"column":39}},"26":{"start":{"line":67,"column":8},"end":{"line":67,"column":39}},"27":{"start":{"line":68,"column":8},"end":{"line":68,"column":22}},"28":{"start":{"line":75,"column":0},"end":{"line":98,"column":3}},"29":{"start":{"line":78,"column":4},"end":{"line":78,"column":64}},"30":{"start":{"line":81,"column":17},"end":{"line":81,"column":30}},"31":{"start":{"line":84,"column":4},"end":{"line":96,"column":7}},"32":{"start":{"line":87,"column":8},"end":{"line":87,"column":31}},"33":{"start":{"line":87,"column":17},"end":{"line":87,"column":31}},"34":{"start":{"line":90,"column":8},"end":{"line":90,"column":38}},"35":{"start":{"line":93,"column":8},"end":{"line":93,"column":48}},"36":{"start":{"line":94,"column":8},"end":{"line":94,"column":21}},"37":{"start":{"line":101,"column":0},"end":{"line":133,"column":3}},"38":{"start":{"line":104,"column":4},"end":{"line":104,"column":41}},"39":{"start":{"line":107,"column":17},"end":{"line":107,"column":30}},"40":{"start":{"line":109,"column":22},"end":{"line":116,"column":5}},"41":{"start":{"line":119,"column":4},"end":{"line":131,"column":7}},"42":{"start":{"line":122,"column":8},"end":{"line":122,"column":31}},"43":{"start":{"line":122,"column":17},"end":{"line":122,"column":31}},"44":{"start":{"line":125,"column":8},"end":{"line":125,"column":42}},"45":{"start":{"line":128,"column":8},"end":{"line":128,"column":49}},"46":{"start":{"line":129,"column":8},"end":{"line":129,"column":25}},"47":{"start":{"line":136,"column":0},"end":{"line":158,"column":3}},"48":{"start":{"line":139,"column":4},"end":{"line":139,"column":38}},"49":{"start":{"line":142,"column":17},"end":{"line":142,"column":30}},"50":{"start":{"line":145,"column":4},"end":{"line":156,"column":7}},"51":{"start":{"line":148,"column":8},"end":{"line":148,"column":31}},"52":{"start":{"line":148,"column":17},"end":{"line":148,"column":31}},"53":{"start":{"line":151,"column":8},"end":{"line":151,"column":65}},"54":{"start":{"line":154,"column":8},"end":{"line":154,"column":48}},"55":{"start":{"line":160,"column":0},"end":{"line":160,"column":39}}},"fnMap":{"0":{"name":"(anonymous_0)","decl":{"start":{"line":16,"column":17},"end":{"line":16,"column":18}},"loc":{"start":{"line":16,"column":68},"end":{"line":23,"column":1}},"line":16},"1":{"name":"(anonymous_1)","decl":{"start":{"line":26,"column":28},"end":{"line":26,"column":29}},"loc":{"start":{"line":26,"column":42},"end":{"line":49,"column":1}},"line":26},"2":{"name":"(anonymous_2)","decl":{"start":{"line":35,"column":23},"end":{"line":35,"column":24}},"loc":{"start":{"line":35,"column":44},"end":{"line":47,"column":5}},"line":35},"3":{"name":"(anonymous_3)","decl":{"start":{"line":52,"column":25},"end":{"line":52,"column":26}},"loc":{"start":{"line":52,"column":38},"end":{"line":72,"column":1}},"line":52},"4":{"name":"(anonymous_4)","decl":{"start":{"line":58,"column":16},"end":{"line":58,"column":17}},"loc":{"start":{"line":58,"column":35},"end":{"line":70,"column":5}},"line":58},"5":{"name":"(anonymous_5)","decl":{"start":{"line":75,"column":29},"end":{"line":75,"column":30}},"loc":{"start":{"line":75,"column":42},"end":{"line":98,"column":1}},"line":75},"6":{"name":"(anonymous_6)","decl":{"start":{"line":84,"column":27},"end":{"line":84,"column":28}},"loc":{"start":{"line":84,"column":45},"end":{"line":96,"column":5}},"line":84},"7":{"name":"(anonymous_7)","decl":{"start":{"line":101,"column":31},"end":{"line":101,"column":32}},"loc":{"start":{"line":101,"column":44},"end":{"line":133,"column":1}},"line":101},"8":{"name":"(anonymous_8)","decl":{"start":{"line":119,"column":42},"end":{"line":119,"column":43}},"loc":{"start":{"line":119,"column":60},"end":{"line":131,"column":5}},"line":119},"9":{"name":"(anonymous_9)","decl":{"start":{"line":136,"column":34},"end":{"line":136,"column":35}},"loc":{"start":{"line":136,"column":47},"end":{"line":158,"column":1}},"line":136},"10":{"name":"(anonymous_10)","decl":{"start":{"line":145,"column":29},"end":{"line":145,"column":30}},"loc":{"start":{"line":145,"column":47},"end":{"line":156,"column":5}},"line":145}},"branchMap":{"0":{"loc":{"start":{"line":38,"column":8},"end":{"line":38,"column":31}},"type":"if","locations":[{"start":{"line":38,"column":8},"end":{"line":38,"column":31}},{"start":{"line":38,"column":8},"end":{"line":38,"column":31}}],"line":38},"1":{"loc":{"start":{"line":61,"column":8},"end":{"line":61,"column":31}},"type":"if","locations":[{"start":{"line":61,"column":8},"end":{"line":61,"column":31}},{"start":{"line":61,"column":8},"end":{"line":61,"column":31}}],"line":61},"2":{"loc":{"start":{"line":87,"column":8},"end":{"line":87,"column":31}},"type":"if","locations":[{"start":{"line":87,"column":8},"end":{"line":87,"column":31}},{"start":{"line":87,"column":8},"end":{"line":87,"column":31}}],"line":87},"3":{"loc":{"start":{"line":122,"column":8},"end":{"line":122,"column":31}},"type":"if","locations":[{"start":{"line":122,"column":8},"end":{"line":122,"column":31}},{"start":{"line":122,"column":8},"end":{"line":122,"column":31}}],"line":122},"4":{"loc":{"start":{"line":148,"column":8},"end":{"line":148,"column":31}},"type":"if","locations":[{"start":{"line":148,"column":8},"end":{"line":148,"column":31}},{"start":{"line":148,"column":8},"end":{"line":148,"column":31}}],"line":148}},"s":{"0":1,"1":1,"2":1,"3":1,"4":1,"5":1,"6":1,"7":1,"8":1,"9":1,"10":2,"11":1,"12":1,"13":1,"14":1,"15":1,"16":0,"17":1,"18":1,"19":1,"20":1,"21":3,"22":3,"23":3,"24":0,"25":3,"26":3,"27":3,"28":1,"29":2,"30":2,"31":2,"32":2,"33":0,"34":2,"35":2,"36":2,"37":1,"38":1,"39":1,"40":1,"41":1,"42":1,"43":0,"44":1,"45":1,"46":1,"47":1,"48":1,"49":1,"50":1,"51":1,"52":0,"53":1,"54":1,"55":1},"f":{"0":2,"1":1,"2":1,"3":3,"4":3,"5":2,"6":2,"7":1,"8":1,"9":1,"10":1},"b":{"0":[0,1],"1":[0,3],"2":[0,2],"3":[0,1],"4":[0,1]},"_coverageSchema":"1a1c01bbd47fc00a2c39e90264f33305004495a9","hash":"35f3ca318c45d6fa50e1a4933057c14644fe6309"}
}
