{"C:\\Users\\Admin\\projects\\REST-API-starter\\app.js": {"path":"C:\\Users\\Admin\\projects\\REST-API-starter\\app.js","statementMap":{"0":{"start":{"line":1,"column":16},"end":{"line":1,"column":34}},"1":{"start":{"line":2,"column":18},"end":{"line":2,"column":33}},"2":{"start":{"line":3,"column":11},"end":{"line":3,"column":26}},"3":{"start":{"line":4,"column":14},"end":{"line":4,"column":30}},"4":{"start":{"line":5,"column":12},"end":{"line":5,"column":21}},"5":{"start":{"line":6,"column":12},"end":{"line":6,"column":23}},"6":{"start":{"line":7,"column":19},"end":{"line":7,"column":41}},"7":{"start":{"line":10,"column":0},"end":{"line":10,"column":27}},"8":{"start":{"line":11,"column":0},"end":{"line":13,"column":4}},"9":{"start":{"line":16,"column":0},"end":{"line":25,"column":2}},"10":{"start":{"line":18,"column":19},"end":{"line":22,"column":5}},"11":{"start":{"line":24,"column":4},"end":{"line":24,"column":19}},"12":{"start":{"line":28,"column":0},"end":{"line":51,"column":3}},"13":{"start":{"line":31,"column":4},"end":{"line":31,"column":40}},"14":{"start":{"line":34,"column":18},"end":{"line":34,"column":85}},"15":{"start":{"line":37,"column":4},"end":{"line":49,"column":7}},"16":{"start":{"line":40,"column":8},"end":{"line":40,"column":31}},"17":{"start":{"line":40,"column":17},"end":{"line":40,"column":31}},"18":{"start":{"line":43,"column":8},"end":{"line":43,"column":38}},"19":{"start":{"line":46,"column":8},"end":{"line":46,"column":40}},"20":{"start":{"line":47,"column":8},"end":{"line":47,"column":21}},"21":{"start":{"line":54,"column":0},"end":{"line":74,"column":3}},"22":{"start":{"line":57,"column":4},"end":{"line":57,"column":64}},"23":{"start":{"line":60,"column":4},"end":{"line":72,"column":7}},"24":{"start":{"line":63,"column":8},"end":{"line":63,"column":31}},"25":{"start":{"line":63,"column":17},"end":{"line":63,"column":31}},"26":{"start":{"line":66,"column":8},"end":{"line":66,"column":39}},"27":{"start":{"line":69,"column":8},"end":{"line":69,"column":39}},"28":{"start":{"line":70,"column":8},"end":{"line":70,"column":22}},"29":{"start":{"line":77,"column":0},"end":{"line":100,"column":3}},"30":{"start":{"line":80,"column":4},"end":{"line":80,"column":64}},"31":{"start":{"line":83,"column":17},"end":{"line":83,"column":30}},"32":{"start":{"line":86,"column":4},"end":{"line":98,"column":7}},"33":{"start":{"line":89,"column":8},"end":{"line":89,"column":31}},"34":{"start":{"line":89,"column":17},"end":{"line":89,"column":31}},"35":{"start":{"line":92,"column":8},"end":{"line":92,"column":38}},"36":{"start":{"line":95,"column":8},"end":{"line":95,"column":48}},"37":{"start":{"line":96,"column":8},"end":{"line":96,"column":21}},"38":{"start":{"line":103,"column":0},"end":{"line":135,"column":3}},"39":{"start":{"line":106,"column":4},"end":{"line":106,"column":41}},"40":{"start":{"line":109,"column":17},"end":{"line":109,"column":30}},"41":{"start":{"line":111,"column":22},"end":{"line":118,"column":5}},"42":{"start":{"line":121,"column":4},"end":{"line":133,"column":7}},"43":{"start":{"line":124,"column":8},"end":{"line":124,"column":31}},"44":{"start":{"line":124,"column":17},"end":{"line":124,"column":31}},"45":{"start":{"line":127,"column":8},"end":{"line":127,"column":42}},"46":{"start":{"line":130,"column":8},"end":{"line":130,"column":49}},"47":{"start":{"line":131,"column":8},"end":{"line":131,"column":25}},"48":{"start":{"line":138,"column":0},"end":{"line":160,"column":3}},"49":{"start":{"line":141,"column":4},"end":{"line":141,"column":38}},"50":{"start":{"line":144,"column":17},"end":{"line":144,"column":30}},"51":{"start":{"line":147,"column":4},"end":{"line":158,"column":7}},"52":{"start":{"line":150,"column":8},"end":{"line":150,"column":31}},"53":{"start":{"line":150,"column":17},"end":{"line":150,"column":31}},"54":{"start":{"line":153,"column":8},"end":{"line":153,"column":65}},"55":{"start":{"line":156,"column":8},"end":{"line":156,"column":48}},"56":{"start":{"line":162,"column":0},"end":{"line":162,"column":39}}},"fnMap":{"0":{"name":"(anonymous_0)","decl":{"start":{"line":16,"column":17},"end":{"line":16,"column":18}},"loc":{"start":{"line":16,"column":68},"end":{"line":25,"column":1}},"line":16},"1":{"name":"(anonymous_1)","decl":{"start":{"line":28,"column":28},"end":{"line":28,"column":29}},"loc":{"start":{"line":28,"column":42},"end":{"line":51,"column":1}},"line":28},"2":{"name":"(anonymous_2)","decl":{"start":{"line":37,"column":23},"end":{"line":37,"column":24}},"loc":{"start":{"line":37,"column":41},"end":{"line":49,"column":5}},"line":37},"3":{"name":"(anonymous_3)","decl":{"start":{"line":54,"column":25},"end":{"line":54,"column":26}},"loc":{"start":{"line":54,"column":38},"end":{"line":74,"column":1}},"line":54},"4":{"name":"(anonymous_4)","decl":{"start":{"line":60,"column":16},"end":{"line":60,"column":17}},"loc":{"start":{"line":60,"column":35},"end":{"line":72,"column":5}},"line":60},"5":{"name":"(anonymous_5)","decl":{"start":{"line":77,"column":29},"end":{"line":77,"column":30}},"loc":{"start":{"line":77,"column":42},"end":{"line":100,"column":1}},"line":77},"6":{"name":"(anonymous_6)","decl":{"start":{"line":86,"column":27},"end":{"line":86,"column":28}},"loc":{"start":{"line":86,"column":45},"end":{"line":98,"column":5}},"line":86},"7":{"name":"(anonymous_7)","decl":{"start":{"line":103,"column":31},"end":{"line":103,"column":32}},"loc":{"start":{"line":103,"column":44},"end":{"line":135,"column":1}},"line":103},"8":{"name":"(anonymous_8)","decl":{"start":{"line":121,"column":42},"end":{"line":121,"column":43}},"loc":{"start":{"line":121,"column":60},"end":{"line":133,"column":5}},"line":121},"9":{"name":"(anonymous_9)","decl":{"start":{"line":138,"column":34},"end":{"line":138,"column":35}},"loc":{"start":{"line":138,"column":47},"end":{"line":160,"column":1}},"line":138},"10":{"name":"(anonymous_10)","decl":{"start":{"line":147,"column":29},"end":{"line":147,"column":30}},"loc":{"start":{"line":147,"column":47},"end":{"line":158,"column":5}},"line":147}},"branchMap":{"0":{"loc":{"start":{"line":40,"column":8},"end":{"line":40,"column":31}},"type":"if","locations":[{"start":{"line":40,"column":8},"end":{"line":40,"column":31}},{"start":{"line":40,"column":8},"end":{"line":40,"column":31}}],"line":40},"1":{"loc":{"start":{"line":63,"column":8},"end":{"line":63,"column":31}},"type":"if","locations":[{"start":{"line":63,"column":8},"end":{"line":63,"column":31}},{"start":{"line":63,"column":8},"end":{"line":63,"column":31}}],"line":63},"2":{"loc":{"start":{"line":89,"column":8},"end":{"line":89,"column":31}},"type":"if","locations":[{"start":{"line":89,"column":8},"end":{"line":89,"column":31}},{"start":{"line":89,"column":8},"end":{"line":89,"column":31}}],"line":89},"3":{"loc":{"start":{"line":124,"column":8},"end":{"line":124,"column":31}},"type":"if","locations":[{"start":{"line":124,"column":8},"end":{"line":124,"column":31}},{"start":{"line":124,"column":8},"end":{"line":124,"column":31}}],"line":124},"4":{"loc":{"start":{"line":150,"column":8},"end":{"line":150,"column":31}},"type":"if","locations":[{"start":{"line":150,"column":8},"end":{"line":150,"column":31}},{"start":{"line":150,"column":8},"end":{"line":150,"column":31}}],"line":150}},"s":{"0":1,"1":1,"2":1,"3":1,"4":1,"5":1,"6":1,"7":1,"8":1,"9":1,"10":2,"11":2,"12":1,"13":1,"14":1,"15":1,"16":1,"17":0,"18":1,"19":1,"20":1,"21":1,"22":3,"23":3,"24":3,"25":0,"26":3,"27":3,"28":3,"29":1,"30":2,"31":2,"32":2,"33":2,"34":0,"35":2,"36":2,"37":2,"38":1,"39":1,"40":1,"41":1,"42":1,"43":1,"44":0,"45":1,"46":1,"47":1,"48":1,"49":1,"50":1,"51":1,"52":1,"53":0,"54":1,"55":1,"56":1},"f":{"0":2,"1":1,"2":1,"3":3,"4":3,"5":2,"6":2,"7":1,"8":1,"9":1,"10":1},"b":{"0":[0,1],"1":[0,3],"2":[0,2],"3":[0,1],"4":[0,1]},"_coverageSchema":"1a1c01bbd47fc00a2c39e90264f33305004495a9","hash":"3db5e5f9db00d80fa70b20779d8d4ba90f1c8394"}
}
