TN:
SF:app.js
FN:16,(anonymous_0)
FN:28,(anonymous_1)
FN:37,(anonymous_2)
FN:54,(anonymous_3)
FN:60,(anonymous_4)
FN:77,(anonymous_5)
FN:86,(anonymous_6)
FN:103,(anonymous_7)
FN:121,(anonymous_8)
FN:138,(anonymous_9)
FN:147,(anonymous_10)
FNF:11
FNH:11
FNDA:2,(anonymous_0)
FNDA:1,(anonymous_1)
FNDA:1,(anonymous_2)
FNDA:3,(anonymous_3)
FNDA:3,(anonymous_4)
FNDA:2,(anonymous_5)
FNDA:2,(anonymous_6)
FNDA:1,(anonymous_7)
FNDA:1,(anonymous_8)
FNDA:1,(anonymous_9)
FNDA:1,(anonymous_10)
DA:1,1
DA:2,1
DA:3,1
DA:4,1
DA:5,1
DA:6,1
DA:7,1
DA:10,1
DA:11,1
DA:16,1
DA:18,2
DA:24,2
DA:28,1
DA:31,1
DA:34,1
DA:37,1
DA:40,1
DA:43,1
DA:46,1
DA:47,1
DA:54,1
DA:57,3
DA:60,3
DA:63,3
DA:66,3
DA:69,3
DA:70,3
DA:77,1
DA:80,2
DA:83,2
DA:86,2
DA:89,2
DA:92,2
DA:95,2
DA:96,2
DA:103,1
DA:106,1
DA:109,1
DA:111,1
DA:121,1
DA:124,1
DA:127,1
DA:130,1
DA:131,1
DA:138,1
DA:141,1
DA:144,1
DA:147,1
DA:150,1
DA:153,1
DA:156,1
DA:162,1
LF:52
LH:52
BRDA:40,0,0,0
BRDA:40,0,1,1
BRDA:63,1,0,0
BRDA:63,1,1,3
BRDA:89,2,0,0
BRDA:89,2,1,2
BRDA:124,3,0,0
BRDA:124,3,1,1
BRDA:150,4,0,0
BRDA:150,4,1,1
BRF:10
BRH:5
end_of_record
