TN:
SF:app.js
FN:16,(anonymous_0)
FN:26,(anonymous_1)
FN:35,(anonymous_2)
FN:52,(anonymous_3)
FN:58,(anonymous_4)
FN:75,(anonymous_5)
FN:84,(anonymous_6)
FN:101,(anonymous_7)
FN:119,(anonymous_8)
FN:136,(anonymous_9)
FN:145,(anonymous_10)
FNF:11
FNH:11
FNDA:2,(anonymous_0)
FNDA:1,(anonymous_1)
FNDA:1,(anonymous_2)
FNDA:3,(anonymous_3)
FNDA:3,(anonymous_4)
FNDA:2,(anonymous_5)
FNDA:2,(anonymous_6)
FNDA:1,(anonymous_7)
FNDA:1,(anonymous_8)
FNDA:1,(anonymous_9)
FNDA:1,(anonymous_10)
DA:1,1
DA:2,1
DA:3,1
DA:4,1
DA:5,1
DA:6,1
DA:7,1
DA:10,1
DA:11,1
DA:16,1
DA:18,2
DA:26,1
DA:29,1
DA:32,1
DA:35,1
DA:38,1
DA:41,1
DA:44,1
DA:45,1
DA:52,1
DA:55,3
DA:58,3
DA:61,3
DA:64,3
DA:67,3
DA:68,3
DA:75,1
DA:78,2
DA:81,2
DA:84,2
DA:87,2
DA:90,2
DA:93,2
DA:94,2
DA:101,1
DA:104,1
DA:107,1
DA:109,1
DA:119,1
DA:122,1
DA:125,1
DA:128,1
DA:129,1
DA:136,1
DA:139,1
DA:142,1
DA:145,1
DA:148,1
DA:151,1
DA:154,1
DA:160,1
LF:51
LH:51
BRDA:38,0,0,0
BRDA:38,0,1,1
BRDA:61,1,0,0
BRDA:61,1,1,3
BRDA:87,2,0,0
BRDA:87,2,1,2
BRDA:122,3,0,0
BRDA:122,3,1,1
BRDA:148,4,0,0
BRDA:148,4,1,1
BRF:10
BRH:5
end_of_record
